<?xml version="1.0" encoding="UTF-8" ?>
<testsuite tests="39" failures="0" name="com.evernote.runner.TestRunner" time="0.33" errors="2" skipped="1">
  <properties>
[...]
</properties>
  <testcase classname="| anirudh.s.nair@gmail.com | anirudh123$ |" name="Given User is on Login Page" time="0.163"/>
  <testcase classname="| anirudh.s.nair@gmail.com | anirudh123$ |" name="When User login to the system with anirudh.s.nair@gmail.com and anirudh123$" time="0"/>
  <testcase classname="| anirudh.s.nair@gmail.com | anirudh123$ |" name="Then Homepage should be displayed" time="0"/>
  <testcase classname="| anirudh.s.nair@gmail.com | anirudh123$ |" name="| anirudh.s.nair@gmail.com | anirudh123$ |" time="0.001"/>
  <testcase classname="| anirudh458@gmail.com | There is no account for the username or email you entered. |" name="Given User is on Login Page" time="0"/>
  <testcase classname="| anirudh458@gmail.com | There is no account for the username or email you entered. |" name="When User tries to login with a anirudh458@gmail.com" time="0"/>
  <testcase classname="| anirudh458@gmail.com | There is no account for the username or email you entered. |" name="Then Warning message There is no account for the username or email you entered. should be displayed" time="0"/>
  <testcase classname="| anirudh458@gmail.com | There is no account for the username or email you entered. |" name="| anirudh458@gmail.com | There is no account for the username or email you entered. |" time="0.002"/>
  <testcase classname="| anirudh.s.nair@gmail.com | anirudh857$ | Incorrect password. You modified your password in the past 24 hours. |" name="Given User is on Login Page" time="0"/>
  <testcase classname="| anirudh.s.nair@gmail.com | anirudh857$ | Incorrect password. You modified your password in the past 24 hours. |" name="When User login to the system with anirudh.s.nair@gmail.com and anirudh857$" time="0"/>
  <testcase classname="| anirudh.s.nair@gmail.com | anirudh857$ | Incorrect password. You modified your password in the past 24 hours. |" name="Then Warning message Incorrect password. You modified your password in the past 24 hours. should be displayed" time="0.001"/>
  <testcase classname="| anirudh.s.nair@gmail.com | anirudh857$ | Incorrect password. You modified your password in the past 24 hours. |" name="| anirudh.s.nair@gmail.com | anirudh857$ | Incorrect password. You modified your password in the past 24 hours. |" time="0.001"/>
  <testcase classname="Scenario: Warning message on leaving email as blank" name="Given User is on Login Page" time="0"/>
  <testcase classname="Scenario: Warning message on leaving email as blank" name="When User clicks on continue button without entering email" time="0"/>
  <testcase classname="Scenario: Warning message on leaving email as blank" name="Then Warning message should be displayed" time="0"/>
  <testcase classname="Scenario: Warning message on leaving email as blank" name="Scenario: Warning message on leaving email as blank" time="0"/>
  <testcase classname="| anirudh.s.nair@gmail.com | This is a required field. |" name="Given User is on Login Page" time="0"/>
  <testcase classname="| anirudh.s.nair@gmail.com | This is a required field. |" name="When User clicks on continue button by inputting anirudh.s.nair@gmail.com" time="0"/>
  <testcase classname="| anirudh.s.nair@gmail.com | This is a required field. |" name="And User clicks on Sign in button without entering password" time="0"/>
  <testcase classname="| anirudh.s.nair@gmail.com | This is a required field. |" name="Then Warning message This is a required field. should be displayed" time="0"/>
  <testcase classname="| anirudh.s.nair@gmail.com | This is a required field. |" name="| anirudh.s.nair@gmail.com | This is a required field. |" time="0"/>
  <testcase classname="| anirudh.s.nair@gmail.com | anirudh123$ |" name="Given User is on Login Page" time="0"/>
  <testcase classname="| anirudh.s.nair@gmail.com | anirudh123$ |" name="When User checks Remember me for 30 days while login to the system with anirudh.s.nair@gmail.com and anirudh123$" time="0"/>
  <testcase classname="| anirudh.s.nair@gmail.com | anirudh123$ |" name="And Clicks on Sign Out button" time="0"/>
  <testcase classname="| anirudh.s.nair@gmail.com | anirudh123$ |" name="And User is on Login Page" time="0"/>
  <testcase classname="| anirudh.s.nair@gmail.com | anirudh123$ |" name="Then anirudh.s.nair@gmail.com should be prefilled in email input field" time="0"/>
  <testcase classname="| anirudh.s.nair@gmail.com | anirudh123$ |" name="| anirudh.s.nair@gmail.com | anirudh123$ |" time="0"/>
  <testcase classname="| anirudh.s.nair@gmail.com | anirudh123$ |" name="Given User is on Login Page" time="0"/>
  <testcase classname="| anirudh.s.nair@gmail.com | anirudh123$ |" name="When User un-checks Remember me for 30 days while login to the system with anirudh.s.nair@gmail.com and anirudh123$" time="0"/>
  <testcase classname="| anirudh.s.nair@gmail.com | anirudh123$ |" name="And Clicks on Sign Out button" time="0"/>
  <testcase classname="| anirudh.s.nair@gmail.com | anirudh123$ |" name="And User is on Login Page" time="0.053">
    <error message="unknown error: failed to change window state to normal, current state is maximized
  (Session info: chrome=70.0.3538.110)
  (Driver info: chromedriver=2.40.565498 (ea082db3280dd6843ebfb08a625e3eb905c4f5ab),platform=Windows NT 10.0.16299 x86_64) (WARNING: The server did not provide any stacktrace information)
Command duration or timeout: 163 milliseconds
Build info: version: &apos;3.0.1&apos;, revision: &apos;1969d75&apos;, time: &apos;2016-10-18 09:49:13 -0700&apos;
System info: host: &apos;Machine&apos;, ip: &apos;192.168.42.52&apos;, os.name: &apos;Windows 10&apos;, os.arch: &apos;amd64&apos;, os.version: &apos;10.0&apos;, java.version: &apos;1.8.0_131&apos;
Driver info: org.openqa.selenium.chrome.ChromeDriver
Capabilities [{applicationCacheEnabled=false, rotatable=false, mobileEmulationEnabled=false, networkConnectionEnabled=false, chrome={chromedriverVersion=2.40.565498 (ea082db3280dd6843ebfb08a625e3eb905c4f5ab), userDataDir=C:\Users\Anirudh\AppData\Local\Temp\scoped_dir11084_13903}, takesHeapSnapshot=true, pageLoadStrategy=normal, databaseEnabled=false, handlesAlerts=true, hasTouchScreen=false, version=70.0.3538.110, platform=XP, browserConnectionEnabled=false, nativeEvents=true, acceptSslCerts=false, acceptInsecureCerts=false, locationContextEnabled=true, webStorageEnabled=true, browserName=chrome, takesScreenshot=true, javascriptEnabled=true, cssSelectorsEnabled=true, setWindowRect=true, unexpectedAlertBehaviour=}]
Session ID: 173debf2f6fa1caba9076a21588dc31d" type="org.openqa.selenium.WebDriverException">org.openqa.selenium.WebDriverException: unknown error: failed to change window state to normal, current state is maximized
  (Session info: chrome=70.0.3538.110)
  (Driver info: chromedriver=2.40.565498 (ea082db3280dd6843ebfb08a625e3eb905c4f5ab),platform=Windows NT 10.0.16299 x86_64) (WARNING: The server did not provide any stacktrace information)
Command duration or timeout: 163 milliseconds
Build info: version: &apos;3.0.1&apos;, revision: &apos;1969d75&apos;, time: &apos;2016-10-18 09:49:13 -0700&apos;
System info: host: &apos;Machine&apos;, ip: &apos;192.168.42.52&apos;, os.name: &apos;Windows 10&apos;, os.arch: &apos;amd64&apos;, os.version: &apos;10.0&apos;, java.version: &apos;1.8.0_131&apos;
Driver info: org.openqa.selenium.chrome.ChromeDriver
Capabilities [{applicationCacheEnabled=false, rotatable=false, mobileEmulationEnabled=false, networkConnectionEnabled=false, chrome={chromedriverVersion=2.40.565498 (ea082db3280dd6843ebfb08a625e3eb905c4f5ab), userDataDir=C:\Users\Anirudh\AppData\Local\Temp\scoped_dir11084_13903}, takesHeapSnapshot=true, pageLoadStrategy=normal, databaseEnabled=false, handlesAlerts=true, hasTouchScreen=false, version=70.0.3538.110, platform=XP, browserConnectionEnabled=false, nativeEvents=true, acceptSslCerts=false, acceptInsecureCerts=false, locationContextEnabled=true, webStorageEnabled=true, browserName=chrome, takesScreenshot=true, javascriptEnabled=true, cssSelectorsEnabled=true, setWindowRect=true, unexpectedAlertBehaviour=}]
Session ID: 173debf2f6fa1caba9076a21588dc31d
	at sun.reflect.NativeConstructorAccessorImpl.newInstance0(Native Method)
	at sun.reflect.NativeConstructorAccessorImpl.newInstance(NativeConstructorAccessorImpl.java:62)
	at sun.reflect.DelegatingConstructorAccessorImpl.newInstance(DelegatingConstructorAccessorImpl.java:45)
	at java.lang.reflect.Constructor.newInstance(Constructor.java:423)
	at org.openqa.selenium.remote.ErrorHandler.createThrowable(ErrorHandler.java:216)
	at org.openqa.selenium.remote.ErrorHandler.throwIfResponseFailed(ErrorHandler.java:168)
	at org.openqa.selenium.remote.RemoteWebDriver.execute(RemoteWebDriver.java:635)
	at org.openqa.selenium.remote.RemoteWebDriver.execute(RemoteWebDriver.java:658)
	at org.openqa.selenium.remote.RemoteWebDriver$RemoteWebDriverOptions$RemoteWindow.maximize(RemoteWebDriver.java:882)
	at com.evernote.page.LoginPage.initialLaunch(LoginPage.java:27)
	at com.evernote.stepdefinitions.LoginStepDefinitions.user_is_on_Login_Page(LoginStepDefinitions.java:12)
	at ✽.And User is on Login Page(Login.feature:56)
</error>
  </testcase>
  <testcase classname="| anirudh.s.nair@gmail.com | anirudh123$ |" name="| anirudh.s.nair@gmail.com | anirudh123$ |" time="0.054">
    <error message="unknown error: failed to change window state to normal, current state is maximized
  (Session info: chrome=70.0.3538.110)
  (Driver info: chromedriver=2.40.565498 (ea082db3280dd6843ebfb08a625e3eb905c4f5ab),platform=Windows NT 10.0.16299 x86_64) (WARNING: The server did not provide any stacktrace information)
Command duration or timeout: 163 milliseconds
Build info: version: &apos;3.0.1&apos;, revision: &apos;1969d75&apos;, time: &apos;2016-10-18 09:49:13 -0700&apos;
System info: host: &apos;Machine&apos;, ip: &apos;192.168.42.52&apos;, os.name: &apos;Windows 10&apos;, os.arch: &apos;amd64&apos;, os.version: &apos;10.0&apos;, java.version: &apos;1.8.0_131&apos;
Driver info: org.openqa.selenium.chrome.ChromeDriver
Capabilities [{applicationCacheEnabled=false, rotatable=false, mobileEmulationEnabled=false, networkConnectionEnabled=false, chrome={chromedriverVersion=2.40.565498 (ea082db3280dd6843ebfb08a625e3eb905c4f5ab), userDataDir=C:\Users\Anirudh\AppData\Local\Temp\scoped_dir11084_13903}, takesHeapSnapshot=true, pageLoadStrategy=normal, databaseEnabled=false, handlesAlerts=true, hasTouchScreen=false, version=70.0.3538.110, platform=XP, browserConnectionEnabled=false, nativeEvents=true, acceptSslCerts=false, acceptInsecureCerts=false, locationContextEnabled=true, webStorageEnabled=true, browserName=chrome, takesScreenshot=true, javascriptEnabled=true, cssSelectorsEnabled=true, setWindowRect=true, unexpectedAlertBehaviour=}]
Session ID: 173debf2f6fa1caba9076a21588dc31d" type="org.openqa.selenium.WebDriverException">org.openqa.selenium.WebDriverException: unknown error: failed to change window state to normal, current state is maximized
  (Session info: chrome=70.0.3538.110)
  (Driver info: chromedriver=2.40.565498 (ea082db3280dd6843ebfb08a625e3eb905c4f5ab),platform=Windows NT 10.0.16299 x86_64) (WARNING: The server did not provide any stacktrace information)
Command duration or timeout: 163 milliseconds
Build info: version: &apos;3.0.1&apos;, revision: &apos;1969d75&apos;, time: &apos;2016-10-18 09:49:13 -0700&apos;
System info: host: &apos;Machine&apos;, ip: &apos;192.168.42.52&apos;, os.name: &apos;Windows 10&apos;, os.arch: &apos;amd64&apos;, os.version: &apos;10.0&apos;, java.version: &apos;1.8.0_131&apos;
Driver info: org.openqa.selenium.chrome.ChromeDriver
Capabilities [{applicationCacheEnabled=false, rotatable=false, mobileEmulationEnabled=false, networkConnectionEnabled=false, chrome={chromedriverVersion=2.40.565498 (ea082db3280dd6843ebfb08a625e3eb905c4f5ab), userDataDir=C:\Users\Anirudh\AppData\Local\Temp\scoped_dir11084_13903}, takesHeapSnapshot=true, pageLoadStrategy=normal, databaseEnabled=false, handlesAlerts=true, hasTouchScreen=false, version=70.0.3538.110, platform=XP, browserConnectionEnabled=false, nativeEvents=true, acceptSslCerts=false, acceptInsecureCerts=false, locationContextEnabled=true, webStorageEnabled=true, browserName=chrome, takesScreenshot=true, javascriptEnabled=true, cssSelectorsEnabled=true, setWindowRect=true, unexpectedAlertBehaviour=}]
Session ID: 173debf2f6fa1caba9076a21588dc31d
	at sun.reflect.NativeConstructorAccessorImpl.newInstance0(Native Method)
	at sun.reflect.NativeConstructorAccessorImpl.newInstance(NativeConstructorAccessorImpl.java:62)
	at sun.reflect.DelegatingConstructorAccessorImpl.newInstance(DelegatingConstructorAccessorImpl.java:45)
	at java.lang.reflect.Constructor.newInstance(Constructor.java:423)
	at org.openqa.selenium.remote.ErrorHandler.createThrowable(ErrorHandler.java:216)
	at org.openqa.selenium.remote.ErrorHandler.throwIfResponseFailed(ErrorHandler.java:168)
	at org.openqa.selenium.remote.RemoteWebDriver.execute(RemoteWebDriver.java:635)
	at org.openqa.selenium.remote.RemoteWebDriver.execute(RemoteWebDriver.java:658)
	at org.openqa.selenium.remote.RemoteWebDriver$RemoteWebDriverOptions$RemoteWindow.maximize(RemoteWebDriver.java:882)
	at com.evernote.page.LoginPage.initialLaunch(LoginPage.java:27)
	at com.evernote.stepdefinitions.LoginStepDefinitions.user_is_on_Login_Page(LoginStepDefinitions.java:12)
	at ✽.And User is on Login Page(Login.feature:56)
</error>
  </testcase>
  <testcase classname="| anirudh.s.nair@gmail.com | anirudh123$ |" name="Then anirudh.s.nair@gmail.com should be cleared in email input field" time="0.054">
    <skipped/>
  </testcase>
  <testcase classname="| anirudh.s.nair@gmail.com | anirudh123$ | sample title | sample body |" name="Given User is logged into the system with anirudh.s.nair@gmail.com and anirudh123$" time="0"/>
  <testcase classname="| anirudh.s.nair@gmail.com | anirudh123$ | sample title | sample body |" name="When A note is created with sample title and sample body" time="0"/>
  <testcase classname="| anirudh.s.nair@gmail.com | anirudh123$ | sample title | sample body |" name="And Logout from Evernote" time="0"/>
  <testcase classname="| anirudh.s.nair@gmail.com | anirudh123$ | sample title | sample body |" name="And User is logged into the system with anirudh.s.nair@gmail.com and anirudh123$" time="0"/>
  <testcase classname="| anirudh.s.nair@gmail.com | anirudh123$ | sample title | sample body |" name="Then Created note should be available in the notes list with sample title and sample body" time="0"/>
  <testcase classname="| anirudh.s.nair@gmail.com | anirudh123$ | sample title | sample body |" name="| anirudh.s.nair@gmail.com | anirudh123$ | sample title | sample body |" time="0.001"/>
</testsuite>